2023-11-19 14:16:33,168 INFO werkzeug MainThread : [31m[1mWARNING: This is a development server. Do not use it in a production deployment. Use a production WSGI server instead.[0m
 * Running on http://127.0.0.1:8080
2023-11-19 14:16:33,168 INFO werkzeug MainThread : [33mPress CTRL+C to quit[0m
2023-11-19 14:16:33,170 INFO werkzeug MainThread :  * Restarting with stat
2023-11-19 14:16:33,603 WARNING werkzeug MainThread :  * Debugger is active!
2023-11-19 14:16:33,608 INFO werkzeug MainThread :  * Debugger PIN: 102-172-428
2023-11-19 14:17:10,407 INFO werkzeug Thread-2 (process_request_thread) : 127.0.0.1 - - [19/Nov/2023 14:17:10] "[35m[1mPOST /signup HTTP/1.1[0m" 500 -
2023-11-19 14:17:15,574 ERROR root Thread-3 (process_request_thread) : Error during signin:
Traceback (most recent call last):
  File "C:\Users\PC\Desktop\RENTAL-DAI\project\rental-dai-frontend\server\log.py", line 129, in signin
    data = request.json
           ^^^^^^^^^^^^
  File "C:\Python312\Lib\site-packages\werkzeug\wrappers\request.py", line 558, in json
    return self.get_json()
           ^^^^^^^^^^^^^^^
  File "C:\Python312\Lib\site-packages\werkzeug\wrappers\request.py", line 604, in get_json
    return self.on_json_loading_failed(None)
           ^^^^^^^^^^^^^^^^^^^^^^^^^^^^^^^^^
  File "C:\Python312\Lib\site-packages\flask\wrappers.py", line 130, in on_json_loading_failed
    return super().on_json_loading_failed(e)
           ^^^^^^^^^^^^^^^^^^^^^^^^^^^^^^^^^
  File "C:\Python312\Lib\site-packages\werkzeug\wrappers\request.py", line 647, in on_json_loading_failed
    raise UnsupportedMediaType(
werkzeug.exceptions.UnsupportedMediaType: 415 Unsupported Media Type: Did not attempt to load JSON data because the request Content-Type was not 'application/json'.
2023-11-19 14:17:15,582 INFO werkzeug Thread-3 (process_request_thread) : 127.0.0.1 - - [19/Nov/2023 14:17:15] "[35m[1mPOST /signin HTTP/1.1[0m" 500 -
2023-11-19 14:17:21,804 ERROR root Thread-4 (process_request_thread) : Error during signin:
Traceback (most recent call last):
  File "C:\Users\PC\Desktop\RENTAL-DAI\project\rental-dai-frontend\server\log.py", line 129, in signin
    data = request.json
           ^^^^^^^^^^^^
  File "C:\Python312\Lib\site-packages\werkzeug\wrappers\request.py", line 558, in json
    return self.get_json()
           ^^^^^^^^^^^^^^^
  File "C:\Python312\Lib\site-packages\werkzeug\wrappers\request.py", line 604, in get_json
    return self.on_json_loading_failed(None)
           ^^^^^^^^^^^^^^^^^^^^^^^^^^^^^^^^^
  File "C:\Python312\Lib\site-packages\flask\wrappers.py", line 130, in on_json_loading_failed
    return super().on_json_loading_failed(e)
           ^^^^^^^^^^^^^^^^^^^^^^^^^^^^^^^^^
  File "C:\Python312\Lib\site-packages\werkzeug\wrappers\request.py", line 647, in on_json_loading_failed
    raise UnsupportedMediaType(
werkzeug.exceptions.UnsupportedMediaType: 415 Unsupported Media Type: Did not attempt to load JSON data because the request Content-Type was not 'application/json'.
2023-11-19 14:17:21,805 INFO werkzeug Thread-4 (process_request_thread) : 127.0.0.1 - - [19/Nov/2023 14:17:21] "[35m[1mPOST /signin HTTP/1.1[0m" 500 -
2023-11-19 14:17:34,049 ERROR root Thread-5 (process_request_thread) : Error during signin:
Traceback (most recent call last):
  File "C:\Users\PC\Desktop\RENTAL-DAI\project\rental-dai-frontend\server\log.py", line 129, in signin
    data = request.json
           ^^^^^^^^^^^^
  File "C:\Python312\Lib\site-packages\werkzeug\wrappers\request.py", line 558, in json
    return self.get_json()
           ^^^^^^^^^^^^^^^
  File "C:\Python312\Lib\site-packages\werkzeug\wrappers\request.py", line 604, in get_json
    return self.on_json_loading_failed(None)
           ^^^^^^^^^^^^^^^^^^^^^^^^^^^^^^^^^
  File "C:\Python312\Lib\site-packages\flask\wrappers.py", line 130, in on_json_loading_failed
    return super().on_json_loading_failed(e)
           ^^^^^^^^^^^^^^^^^^^^^^^^^^^^^^^^^
  File "C:\Python312\Lib\site-packages\werkzeug\wrappers\request.py", line 647, in on_json_loading_failed
    raise UnsupportedMediaType(
werkzeug.exceptions.UnsupportedMediaType: 415 Unsupported Media Type: Did not attempt to load JSON data because the request Content-Type was not 'application/json'.
2023-11-19 14:17:34,051 INFO werkzeug Thread-5 (process_request_thread) : 127.0.0.1 - - [19/Nov/2023 14:17:34] "[35m[1mPOST /signin HTTP/1.1[0m" 500 -
2023-11-19 16:07:44,229 INFO werkzeug Thread-6 (process_request_thread) : 127.0.0.1 - - [19/Nov/2023 16:07:44] "GET /api/properties HTTP/1.1" 200 -
2023-11-21 11:30:27,022 INFO werkzeug MainThread : [31m[1mWARNING: This is a development server. Do not use it in a production deployment. Use a production WSGI server instead.[0m
 * Running on http://127.0.0.1:8080
2023-11-21 11:30:27,022 INFO werkzeug MainThread : [33mPress CTRL+C to quit[0m
2023-11-21 11:30:27,025 INFO werkzeug MainThread :  * Restarting with stat
2023-11-21 11:30:27,497 WARNING werkzeug MainThread :  * Debugger is active!
2023-11-21 11:30:27,506 INFO werkzeug MainThread :  * Debugger PIN: 102-172-428
2023-11-21 11:33:35,622 INFO werkzeug MainThread : [31m[1mWARNING: This is a development server. Do not use it in a production deployment. Use a production WSGI server instead.[0m
 * Running on http://127.0.0.1:8080
2023-11-21 11:33:35,622 INFO werkzeug MainThread : [33mPress CTRL+C to quit[0m
2023-11-21 11:33:35,625 INFO werkzeug MainThread :  * Restarting with stat
2023-11-21 11:33:36,064 WARNING werkzeug MainThread :  * Debugger is active!
2023-11-21 11:33:36,068 INFO werkzeug MainThread :  * Debugger PIN: 102-172-428
2023-11-22 11:43:28,976 INFO werkzeug MainThread : [31m[1mWARNING: This is a development server. Do not use it in a production deployment. Use a production WSGI server instead.[0m
 * Running on http://127.0.0.1:8080
2023-11-22 11:43:28,976 INFO werkzeug MainThread : [33mPress CTRL+C to quit[0m
2023-11-22 11:43:28,980 INFO werkzeug MainThread :  * Restarting with stat
2023-11-22 11:43:29,476 WARNING werkzeug MainThread :  * Debugger is active!
2023-11-22 11:43:29,488 INFO werkzeug MainThread :  * Debugger PIN: 102-172-428
2023-11-22 11:43:50,364 INFO werkzeug Thread-2 (process_request_thread) : 127.0.0.1 - - [22/Nov/2023 11:43:50] "[33mGET / HTTP/1.1[0m" 404 -
2023-11-22 11:43:51,798 INFO werkzeug Thread-3 (process_request_thread) : 127.0.0.1 - - [22/Nov/2023 11:43:51] "[33mGET /favicon.ico HTTP/1.1[0m" 404 -
2023-11-22 11:43:57,389 INFO werkzeug Thread-4 (process_request_thread) : 127.0.0.1 - - [22/Nov/2023 11:43:57] "[31m[1mGET /signup HTTP/1.1[0m" 405 -
2023-11-22 11:44:28,240 INFO werkzeug Thread-5 (process_request_thread) : 127.0.0.1 - - [22/Nov/2023 11:44:28] "GET /api/properties HTTP/1.1" 200 -
2023-11-22 11:47:26,874 INFO werkzeug Thread-6 (process_request_thread) : 127.0.0.1 - - [22/Nov/2023 11:47:26] "OPTIONS /listerSignup HTTP/1.1" 200 -
2023-11-22 11:47:27,133 INFO werkzeug Thread-7 (process_request_thread) : 127.0.0.1 - - [22/Nov/2023 11:47:27] "POST /listerSignup HTTP/1.1" 200 -
2023-11-22 11:52:32,958 INFO werkzeug Thread-9 (process_request_thread) : 127.0.0.1 - - [22/Nov/2023 11:52:32] "POST /signin HTTP/1.1" 200 -
2023-11-22 14:27:53,224 INFO werkzeug MainThread : [31m[1mWARNING: This is a development server. Do not use it in a production deployment. Use a production WSGI server instead.[0m
 * Running on http://127.0.0.1:8080
2023-11-22 14:27:53,225 INFO werkzeug MainThread : [33mPress CTRL+C to quit[0m
2023-11-22 14:27:53,227 INFO werkzeug MainThread :  * Restarting with stat
2023-11-22 14:27:53,647 WARNING werkzeug MainThread :  * Debugger is active!
2023-11-22 14:27:53,657 INFO werkzeug MainThread :  * Debugger PIN: 102-172-428
2023-11-22 14:29:32,866 INFO werkzeug Thread-2 (process_request_thread) : 127.0.0.1 - - [22/Nov/2023 14:29:32] "OPTIONS /listerSignup HTTP/1.1" 200 -
2023-11-22 14:29:33,138 INFO werkzeug Thread-3 (process_request_thread) : 127.0.0.1 - - [22/Nov/2023 14:29:33] "POST /listerSignup HTTP/1.1" 200 -
2023-11-22 14:34:39,967 INFO werkzeug Thread-5 (process_request_thread) : 127.0.0.1 - - [22/Nov/2023 14:34:39] "OPTIONS /listerSignup HTTP/1.1" 200 -
2023-11-22 14:34:40,240 INFO werkzeug Thread-6 (process_request_thread) : 127.0.0.1 - - [22/Nov/2023 14:34:40] "[35m[1mPOST /listerSignup HTTP/1.1[0m" 500 -
2023-11-22 14:34:43,928 INFO werkzeug Thread-7 (process_request_thread) : 127.0.0.1 - - [22/Nov/2023 14:34:43] "[35m[1mPOST /listerSignup HTTP/1.1[0m" 500 -
2023-11-22 14:34:45,286 INFO werkzeug Thread-8 (process_request_thread) : 127.0.0.1 - - [22/Nov/2023 14:34:45] "OPTIONS /listerSignup HTTP/1.1" 200 -
2023-11-22 14:34:45,554 INFO werkzeug Thread-9 (process_request_thread) : 127.0.0.1 - - [22/Nov/2023 14:34:45] "[35m[1mPOST /listerSignup HTTP/1.1[0m" 500 -
2023-11-22 14:34:45,898 INFO werkzeug Thread-10 (process_request_thread) : 127.0.0.1 - - [22/Nov/2023 14:34:45] "[35m[1mPOST /listerSignup HTTP/1.1[0m" 500 -
2023-11-22 14:34:46,937 INFO werkzeug Thread-11 (process_request_thread) : 127.0.0.1 - - [22/Nov/2023 14:34:46] "[35m[1mPOST /listerSignup HTTP/1.1[0m" 500 -
2023-11-22 14:34:47,561 INFO werkzeug Thread-12 (process_request_thread) : 127.0.0.1 - - [22/Nov/2023 14:34:47] "[35m[1mPOST /listerSignup HTTP/1.1[0m" 500 -
2023-11-22 14:34:49,233 INFO werkzeug Thread-13 (process_request_thread) : 127.0.0.1 - - [22/Nov/2023 14:34:49] "[35m[1mPOST /listerSignup HTTP/1.1[0m" 500 -
2023-11-22 14:34:49,463 INFO werkzeug Thread-14 (process_request_thread) : 127.0.0.1 - - [22/Nov/2023 14:34:49] "[35m[1mPOST /listerSignup HTTP/1.1[0m" 500 -
2023-11-22 14:34:49,473 INFO werkzeug Thread-15 (process_request_thread) : 127.0.0.1 - - [22/Nov/2023 14:34:49] "[35m[1mPOST /listerSignup HTTP/1.1[0m" 500 -
2023-11-22 14:34:50,093 INFO werkzeug Thread-16 (process_request_thread) : 127.0.0.1 - - [22/Nov/2023 14:34:50] "[35m[1mPOST /listerSignup HTTP/1.1[0m" 500 -
2023-11-22 14:34:50,863 INFO werkzeug Thread-17 (process_request_thread) : 127.0.0.1 - - [22/Nov/2023 14:34:50] "OPTIONS /listerSignup HTTP/1.1" 200 -
2023-11-22 14:34:51,130 INFO werkzeug Thread-18 (process_request_thread) : 127.0.0.1 - - [22/Nov/2023 14:34:51] "[35m[1mPOST /listerSignup HTTP/1.1[0m" 500 -
2023-11-22 14:34:51,176 INFO werkzeug Thread-19 (process_request_thread) : 127.0.0.1 - - [22/Nov/2023 14:34:51] "[35m[1mPOST /listerSignup HTTP/1.1[0m" 500 -
2023-11-22 14:34:51,391 INFO werkzeug Thread-20 (process_request_thread) : 127.0.0.1 - - [22/Nov/2023 14:34:51] "[35m[1mPOST /listerSignup HTTP/1.1[0m" 500 -
2023-11-22 14:34:51,609 INFO werkzeug Thread-21 (process_request_thread) : 127.0.0.1 - - [22/Nov/2023 14:34:51] "[35m[1mPOST /listerSignup HTTP/1.1[0m" 500 -
2023-11-22 14:34:51,812 INFO werkzeug Thread-22 (process_request_thread) : 127.0.0.1 - - [22/Nov/2023 14:34:51] "[35m[1mPOST /listerSignup HTTP/1.1[0m" 500 -
2023-11-22 14:34:52,016 INFO werkzeug Thread-23 (process_request_thread) : 127.0.0.1 - - [22/Nov/2023 14:34:52] "[35m[1mPOST /listerSignup HTTP/1.1[0m" 500 -
2023-11-22 14:34:52,201 INFO werkzeug Thread-24 (process_request_thread) : 127.0.0.1 - - [22/Nov/2023 14:34:52] "[35m[1mPOST /listerSignup HTTP/1.1[0m" 500 -
2023-11-22 14:34:53,434 INFO werkzeug Thread-25 (process_request_thread) : 127.0.0.1 - - [22/Nov/2023 14:34:53] "[35m[1mPOST /listerSignup HTTP/1.1[0m" 500 -
2023-11-22 14:35:18,982 INFO werkzeug Thread-26 (process_request_thread) : 127.0.0.1 - - [22/Nov/2023 14:35:18] "OPTIONS /listerSignup HTTP/1.1" 200 -
2023-11-22 14:35:19,248 INFO werkzeug Thread-27 (process_request_thread) : 127.0.0.1 - - [22/Nov/2023 14:35:19] "[35m[1mPOST /listerSignup HTTP/1.1[0m" 500 -
2023-11-22 14:35:54,040 INFO werkzeug Thread-29 (process_request_thread) : 127.0.0.1 - - [22/Nov/2023 14:35:54] "POST /signin HTTP/1.1" 200 -
2023-11-22 14:36:25,033 INFO werkzeug Thread-30 (process_request_thread) : 127.0.0.1 - - [22/Nov/2023 14:36:25] "POST /signin HTTP/1.1" 200 -
2023-11-22 14:42:31,833 INFO werkzeug Thread-31 (process_request_thread) : 127.0.0.1 - - [22/Nov/2023 14:42:31] "POST /signin HTTP/1.1" 200 -
2023-11-22 14:43:50,021 INFO werkzeug MainThread : [31m[1mWARNING: This is a development server. Do not use it in a production deployment. Use a production WSGI server instead.[0m
 * Running on http://127.0.0.1:8080
2023-11-22 14:43:50,021 INFO werkzeug MainThread : [33mPress CTRL+C to quit[0m
2023-11-22 14:43:50,022 INFO werkzeug MainThread :  * Restarting with stat
2023-11-22 14:43:50,427 WARNING werkzeug MainThread :  * Debugger is active!
2023-11-22 14:43:50,431 INFO werkzeug MainThread :  * Debugger PIN: 102-172-428
2023-11-22 14:44:02,687 INFO werkzeug Thread-2 (process_request_thread) : 127.0.0.1 - - [22/Nov/2023 14:44:02] "[33mGET / HTTP/1.1[0m" 404 -
2023-11-22 14:44:02,827 INFO werkzeug Thread-3 (process_request_thread) : 127.0.0.1 - - [22/Nov/2023 14:44:02] "[33mGET /favicon.ico HTTP/1.1[0m" 404 -
2023-11-22 14:44:20,851 INFO werkzeug Thread-4 (process_request_thread) : 127.0.0.1 - - [22/Nov/2023 14:44:20] "POST /signin HTTP/1.1" 200 -
2023-11-22 14:44:39,893 INFO werkzeug Thread-5 (process_request_thread) : 127.0.0.1 - - [22/Nov/2023 14:44:39] "[33mPOST /user-signin HTTP/1.1[0m" 404 -
2023-11-22 14:46:43,311 ERROR root Thread-6 (process_request_thread) : Error during signin:
Traceback (most recent call last):
  File "C:\Python312\Lib\site-packages\mysql\connector\connection_cext.py", line 639, in cmd_query
    self._cmysql.query(
_mysql_connector.MySQLInterfaceError: Table 'signup.user' doesn't exist

The above exception was the direct cause of the following exception:

Traceback (most recent call last):
  File "C:\Users\PC\Desktop\RENTAL-DAI\project\rental-dai-frontend\server\log.py", line 163, in usersignin
    cursor.execute(query, (email, password))
  File "C:\Python312\Lib\site-packages\mysql\connector\cursor_cext.py", line 330, in execute
    result = self._cnx.cmd_query(
             ^^^^^^^^^^^^^^^^^^^^
  File "C:\Python312\Lib\site-packages\mysql\connector\opentelemetry\context_propagation.py", line 77, in wrapper
    return method(cnx, *args, **kwargs)
           ^^^^^^^^^^^^^^^^^^^^^^^^^^^^
  File "C:\Python312\Lib\site-packages\mysql\connector\connection_cext.py", line 647, in cmd_query
    raise get_mysql_exception(
mysql.connector.errors.ProgrammingError: 1146 (42S02): Table 'signup.user' doesn't exist
2023-11-22 14:46:43,337 INFO werkzeug Thread-6 (process_request_thread) : 127.0.0.1 - - [22/Nov/2023 14:46:43] "[35m[1mPOST /user-Signin HTTP/1.1[0m" 500 -
2023-11-22 14:47:39,582 INFO werkzeug MainThread :  * Detected change in 'C:\\Users\\PC\\Desktop\\RENTAL-DAI\\project\\rental-dai-frontend\\server\\log.py', reloading
2023-11-22 14:47:39,641 INFO werkzeug MainThread :  * Restarting with stat
2023-11-22 14:47:40,207 WARNING werkzeug MainThread :  * Debugger is active!
2023-11-22 14:47:40,212 INFO werkzeug MainThread :  * Debugger PIN: 102-172-428
2023-11-22 14:47:49,248 INFO werkzeug Thread-2 (process_request_thread) : 127.0.0.1 - - [22/Nov/2023 14:47:49] "[31m[1mPOST /user-Signin HTTP/1.1[0m" 401 -
2023-11-22 14:48:55,019 INFO werkzeug Thread-3 (process_request_thread) : 127.0.0.1 - - [22/Nov/2023 14:48:55] "POST /user-Signin HTTP/1.1" 200 -
2023-11-22 14:49:13,654 INFO werkzeug MainThread :  * Detected change in 'C:\\Users\\PC\\Desktop\\RENTAL-DAI\\project\\rental-dai-frontend\\server\\log.py', reloading
2023-11-22 14:49:13,696 INFO werkzeug MainThread :  * Restarting with stat
2023-11-22 14:49:14,174 WARNING werkzeug MainThread :  * Debugger is active!
2023-11-22 14:49:14,180 INFO werkzeug MainThread :  * Debugger PIN: 102-172-428
2023-11-22 14:49:15,198 INFO werkzeug MainThread :  * Detected change in 'C:\\Users\\PC\\Desktop\\RENTAL-DAI\\project\\rental-dai-frontend\\server\\log.py', reloading
2023-11-22 14:49:15,319 INFO werkzeug MainThread :  * Restarting with stat
2023-11-22 14:49:15,742 WARNING werkzeug MainThread :  * Debugger is active!
2023-11-22 14:49:15,747 INFO werkzeug MainThread :  * Debugger PIN: 102-172-428
2023-11-22 14:49:16,763 INFO werkzeug MainThread :  * Detected change in 'C:\\Users\\PC\\Desktop\\RENTAL-DAI\\project\\rental-dai-frontend\\server\\log.py', reloading
2023-11-22 14:49:16,802 INFO werkzeug MainThread :  * Restarting with stat
2023-11-22 14:49:17,308 WARNING werkzeug MainThread :  * Debugger is active!
2023-11-22 14:49:17,314 INFO werkzeug MainThread :  * Debugger PIN: 102-172-428
2023-11-22 14:49:18,338 INFO werkzeug MainThread :  * Detected change in 'C:\\Users\\PC\\Desktop\\RENTAL-DAI\\project\\rental-dai-frontend\\server\\log.py', reloading
2023-11-22 14:49:18,395 INFO werkzeug MainThread :  * Restarting with stat
2023-11-22 14:49:18,907 WARNING werkzeug MainThread :  * Debugger is active!
2023-11-22 14:49:18,913 INFO werkzeug MainThread :  * Debugger PIN: 102-172-428
2023-11-22 14:49:23,066 INFO werkzeug Thread-2 (process_request_thread) : 127.0.0.1 - - [22/Nov/2023 14:49:23] "POST /user-Signin HTTP/1.1" 200 -
2023-11-22 14:53:11,625 INFO werkzeug Thread-3 (process_request_thread) : 127.0.0.1 - - [22/Nov/2023 14:53:11] "POST /user-Signin HTTP/1.1" 200 -
2023-11-22 14:54:00,285 INFO werkzeug MainThread :  * Detected change in 'C:\\Users\\PC\\Desktop\\RENTAL-DAI\\project\\rental-dai-frontend\\server\\log.py', reloading
2023-11-22 14:54:00,347 INFO werkzeug MainThread :  * Restarting with stat
2023-11-22 14:54:00,840 WARNING werkzeug MainThread :  * Debugger is active!
2023-11-22 14:54:00,848 INFO werkzeug MainThread :  * Debugger PIN: 102-172-428
2023-11-22 14:54:03,873 INFO werkzeug MainThread :  * Detected change in 'C:\\Users\\PC\\Desktop\\RENTAL-DAI\\project\\rental-dai-frontend\\server\\log.py', reloading
2023-11-22 14:54:03,933 INFO werkzeug MainThread :  * Restarting with stat
2023-11-22 14:54:04,549 WARNING werkzeug MainThread :  * Debugger is active!
2023-11-22 14:54:04,554 INFO werkzeug MainThread :  * Debugger PIN: 102-172-428
2023-11-22 14:55:06,299 INFO werkzeug Thread-2 (process_request_thread) : 127.0.0.1 - - [22/Nov/2023 14:55:06] "[31m[1mPOST /signin HTTP/1.1[0m" 401 -
2023-11-22 14:59:08,934 INFO werkzeug Thread-3 (process_request_thread) : 127.0.0.1 - - [22/Nov/2023 14:59:08] "GET /api/properties HTTP/1.1" 200 -
